<?xml version="1.0" encoding="UTF-8"?>
<testng-results skipped="0" failed="0" total="1" passed="1">
  <reporter-output>
  </reporter-output>
  <suite name="Default suite" duration-ms="96815" started-at="2019-08-06T10:13:57Z" finished-at="2019-08-06T10:15:34Z">
    <groups>
    </groups>
    <test name="Default test" duration-ms="96815" started-at="2019-08-06T10:13:57Z" finished-at="2019-08-06T10:15:34Z">
      <class name="TestPackage.FacebookLogin">
        <test-method status="PASS" signature="login()[pri:0, instance:TestPackage.FacebookLogin@1d4e2ba]" name="login" duration-ms="96784" started-at="2019-08-06T15:43:57Z" finished-at="2019-08-06T15:45:34Z">
          <reporter-output>
          </reporter-output>
        </test-method> <!-- login -->
      </class> <!-- TestPackage.FacebookLogin -->
    </test> <!-- Default test -->
  </suite> <!-- Default suite -->
</testng-results>
